<?xml version="1.0" encoding="UTF-8"?>
<!-- Generated by org.testng.reporters.JUnitReportReporter -->
<testsuite hostname="TMPPUN05GTR1609" failures="0" tests="2" name="CaseStudy.TestScripts.TestScript01" time="5.762" errors="0" timestamp="2026-01-20T15:57:53 IST" skipped="0">
  <testcase classname="CaseStudy.TestScripts.TestScript01" name="f2" time="0.168"/>
  <testcase classname="CaseStudy.TestScripts.TestScript01" name="f1" time="5.594"/>
</testsuite> <!-- CaseStudy.TestScripts.TestScript01 -->
