<?xml version="1.0" encoding="UTF-8"?>
<!-- Generated by org.testng.reporters.JUnitReportReporter -->
<testsuite hostname="TMPPUN05GTR1609" failures="0" tests="6" name="Cucumber_BDD.RunnerFile" time="0.184" errors="0" timestamp="2026-01-27T12:07:42 IST" skipped="0">
  <testcase classname="Cucumber_BDD.RunnerFile" name="runScenario" time="0.012"/>
  <system-out/>
  <testcase classname="Cucumber_BDD.RunnerFile" name="f" time="0.001"/>
  <system-out/>
  <testcase classname="Cucumber_BDD.RunnerFile" name="runScenario" time="0.125"/>
  <system-out/>
  <testcase classname="Cucumber_BDD.RunnerFile" name="runScenario" time="0.016"/>
  <system-out/>
  <testcase classname="Cucumber_BDD.RunnerFile" name="runScenario" time="0.014"/>
  <system-out/>
  <testcase classname="Cucumber_BDD.RunnerFile" name="runScenario" time="0.016"/>
  <system-out/>
</testsuite> <!-- Cucumber_BDD.RunnerFile -->
