<?xml version="1.0" encoding="UTF-8"?>
<!-- Generated by org.testng.reporters.JUnitReportReporter -->
<testsuite hostname="TMPPUN05GTR1609" failures="0" tests="1" name="Runner.Runer" time="14.249" errors="1" timestamp="2026-01-28T14:58:22 IST" skipped="0">
  <testcase classname="Runner.Runer" name="runScenario" time="14.249">
    <error message="class java.util.ArrayList cannot be cast to class java.lang.CharSequence (java.util.ArrayList and java.lang.CharSequence are in module java.base of loader &#039;bootstrap&#039;)" type="java.lang.ClassCastException">
      <![CDATA[java.lang.ClassCastException: class java.util.ArrayList cannot be cast to class java.lang.CharSequence (java.util.ArrayList and java.lang.CharSequence are in module java.base of loader 'bootstrap')
at StepDefinition.StepDefinition.user_has_entered_the_resgriration_feilds(StepDefinition.java:51)
at ✽.User has entered the resgriration feilds(file:///C:/Users/aarchie.dhawan/eclipse-workspace/Cucumber_Validation/src/test/java/Feature/Feature.feature:55)
]]>
    </error>
  </testcase> <!-- runScenario -->
  <system-out/>
</testsuite> <!-- Runner.Runer -->
