<?xml version="1.0" encoding="UTF-8"?>
<!-- Generated by org.testng.reporters.JUnitReportReporter -->
<testsuite hostname="TMPPUN05GTR1609" failures="0" tests="4" name="test1.TestScript001" time="0.012" errors="0" timestamp="2026-01-15T09:40:50 IST" skipped="0">
  <testcase classname="test1.TestScript001" name="f1" time="0.002"/>
  <testcase classname="test1.TestScript001" name="f1" time="0.001"/>
  <testcase classname="test1.TestScript001" name="f" time="0.008"/>
  <testcase classname="test1.TestScript001" name="f" time="0.001"/>
</testsuite> <!-- test1.TestScript001 -->
