<?xml version="1.0" encoding="UTF-8"?>
<!-- Generated by org.testng.reporters.JUnitXMLReporter -->
<testsuite ignored="1" hostname="TMPPUN05GTR1609" failures="0" tests="1" name="Default test" time="0.435" errors="0" timestamp="2026-01-27T10:45:25 IST">
  <testcase classname="Cucumber_BDD.Runnerfile" name="f" time="0.004"/>
  <testcase classname="io.cucumber.testng.AbstractTestNGCucumberTests" name="runScenario" time="0.0">
    <ignored/>
  </testcase> <!-- runScenario -->
</testsuite> <!-- Default test -->
