<?xml version="1.0" encoding="UTF-8"?>
<!-- Generated by org.testng.reporters.JUnitXMLReporter -->
<testsuite ignored="0" hostname="TMPPUN05GTR1609" failures="1" tests="1" name="Default test" time="14.737" errors="0" timestamp="2026-01-28T14:58:22 IST">
  <testcase classname="io.cucumber.testng.AbstractTestNGCucumberTests" name="runScenario" time="14.249">
    <failure type="java.lang.ClassCastException" message="class java.util.ArrayList cannot be cast to class java.lang.CharSequence (java.util.ArrayList and java.lang.CharSequence are in module java.base of loader &amp;apos;bootstrap&amp;apos;)">
      <![CDATA[java.lang.ClassCastException: class java.util.ArrayList cannot be cast to class java.lang.CharSequence (java.util.ArrayList and java.lang.CharSequence are in module java.base of loader 'bootstrap')
at StepDefinition.StepDefinition.user_has_entered_the_resgriration_feilds(StepDefinition.java:51)
at ✽.User has entered the resgriration feilds(file:///C:/Users/aarchie.dhawan/eclipse-workspace/Cucumber_Validation/src/test/java/Feature/Feature.feature:55)
]]>
    </failure>
  </testcase> <!-- runScenario -->
</testsuite> <!-- Default test -->
