<?xml version="1.0" encoding="UTF-8"?>
<testng-results ignored="0" total="1" passed="1" failed="0" skipped="0">
  <reporter-output>
  </reporter-output>
  <suite started-at="2026-01-17T15:41:59 IST" name="Default suite" finished-at="2026-01-17T15:42:03 IST" duration-ms="4120">
    <groups>
    </groups>
    <test started-at="2026-01-17T15:41:59 IST" name="Default test" finished-at="2026-01-17T15:42:03 IST" duration-ms="4120">
      <class name="Com.SeleniumTest.SeleniumTest001">
        <test-method signature="Count_Links()[pri:0, instance:Com.SeleniumTest.SeleniumTest001@6c45ee6e]" started-at="2026-01-17T15:41:59 IST" name="Count_Links" finished-at="2026-01-17T15:42:03 IST" duration-ms="4096" status="PASS">
          <reporter-output>
          </reporter-output>
        </test-method> <!-- Count_Links -->
      </class> <!-- Com.SeleniumTest.SeleniumTest001 -->
    </test> <!-- Default test -->
  </suite> <!-- Default suite -->
</testng-results>
