<?xml version="1.0" encoding="UTF-8"?>
<testng-results ignored="0" total="1" passed="1" failed="0" skipped="0">
  <reporter-output>
  </reporter-output>
  <suite started-at="2026-01-20T10:09:48 IST" name="Default suite" finished-at="2026-01-20T10:09:51 IST" duration-ms="2789">
    <groups>
    </groups>
    <test started-at="2026-01-20T10:09:48 IST" name="Default test" finished-at="2026-01-20T10:09:51 IST" duration-ms="2789">
      <class name="Com.SeleniumTest.SeleniumTest001">
        <test-method signature="Actions()[pri:0, instance:Com.SeleniumTest.SeleniumTest001@6b3e12b5]" started-at="2026-01-20T10:09:48 IST" name="Actions" finished-at="2026-01-20T10:09:51 IST" duration-ms="2762" status="PASS">
          <reporter-output>
          </reporter-output>
        </test-method> <!-- Actions -->
      </class> <!-- Com.SeleniumTest.SeleniumTest001 -->
    </test> <!-- Default test -->
  </suite> <!-- Default suite -->
</testng-results>
