<?xml version="1.0" encoding="UTF-8"?>
<testng-results ignored="0" total="1" passed="0" failed="1" skipped="0">
  <reporter-output>
  </reporter-output>
  <suite started-at="2026-01-28T14:58:07 IST" name="Default suite" finished-at="2026-01-28T14:58:22 IST" duration-ms="14737">
    <groups>
      <group name="cucumber">
        <method signature="AbstractTestNGCucumberTests.runScenario(io.cucumber.testng.PickleWrapper,io.cucumber.testng.FeatureWrapper)[pri:0, instance:Runner.Runer@3febb011]" name="runScenario" class="io.cucumber.testng.AbstractTestNGCucumberTests"/>
      </group> <!-- cucumber -->
    </groups>
    <test started-at="2026-01-28T14:58:07 IST" name="Default test" finished-at="2026-01-28T14:58:22 IST" duration-ms="14737">
      <class name="Runner.Runer">
        <test-method is-config="true" signature="setUpClass()[pri:0, instance:Runner.Runer@3febb011]" started-at="2026-01-28T14:58:07 IST" name="setUpClass" finished-at="2026-01-28T14:58:07 IST" duration-ms="291" status="PASS">
          <reporter-output>
          </reporter-output>
        </test-method> <!-- setUpClass -->
        <test-method signature="runScenario(io.cucumber.testng.PickleWrapper,io.cucumber.testng.FeatureWrapper)[pri:0, instance:Runner.Runer@3febb011]" started-at="2026-01-28T14:58:07 IST" name="runScenario" description="Runs Cucumber Scenarios" data-provider="scenarios" finished-at="2026-01-28T14:58:22 IST" duration-ms="14249" status="FAIL">
          <params>
            <param index="0">
              <value>
                <![CDATA["Login Validation"]]>
              </value>
            </param>
            <param index="1">
              <value>
                <![CDATA["Optional[Signup and Login]"]]>
              </value>
            </param>
          </params>
          <exception class="java.lang.ClassCastException">
            <message>
              <![CDATA[class java.util.ArrayList cannot be cast to class java.lang.CharSequence (java.util.ArrayList and java.lang.CharSequence are in module java.base of loader 'bootstrap')]]>
            </message>
            <full-stacktrace>
              <![CDATA[java.lang.ClassCastException: class java.util.ArrayList cannot be cast to class java.lang.CharSequence (java.util.ArrayList and java.lang.CharSequence are in module java.base of loader 'bootstrap')
at StepDefinition.StepDefinition.user_has_entered_the_resgriration_feilds(StepDefinition.java:51)
at ✽.User has entered the resgriration feilds(file:///C:/Users/aarchie.dhawan/eclipse-workspace/Cucumber_Validation/src/test/java/Feature/Feature.feature:55)
]]>
            </full-stacktrace>
          </exception> <!-- java.lang.ClassCastException -->
          <reporter-output>
          </reporter-output>
        </test-method> <!-- runScenario -->
        <test-method is-config="true" signature="tearDownClass()[pri:0, instance:Runner.Runer@3febb011]" started-at="2026-01-28T14:58:22 IST" name="tearDownClass" finished-at="2026-01-28T14:58:22 IST" duration-ms="161" status="PASS">
          <reporter-output>
          </reporter-output>
        </test-method> <!-- tearDownClass -->
      </class> <!-- Runner.Runer -->
    </test> <!-- Default test -->
  </suite> <!-- Default suite -->
</testng-results>
