<?xml version="1.0" encoding="UTF-8"?>
<testng-results ignored="0" total="1" passed="1" failed="0" skipped="0">
  <reporter-output>
  </reporter-output>
  <suite started-at="2026-01-27T15:34:36 IST" name="Default suite" finished-at="2026-01-27T15:34:41 IST" duration-ms="5250">
    <groups>
      <group name="cucumber">
        <method signature="AbstractTestNGCucumberTests.runScenario(io.cucumber.testng.PickleWrapper,io.cucumber.testng.FeatureWrapper)[pri:0, instance:RunnerPackage.runner@5c5eefef]" name="runScenario" class="io.cucumber.testng.AbstractTestNGCucumberTests"/>
      </group> <!-- cucumber -->
    </groups>
    <test started-at="2026-01-27T15:34:36 IST" name="Default test" finished-at="2026-01-27T15:34:41 IST" duration-ms="5250">
      <class name="RunnerPackage.runner">
        <test-method is-config="true" signature="setUpClass()[pri:0, instance:RunnerPackage.runner@5c5eefef]" started-at="2026-01-27T15:34:36 IST" name="setUpClass" finished-at="2026-01-27T15:34:36 IST" duration-ms="326" status="PASS">
          <reporter-output>
          </reporter-output>
        </test-method> <!-- setUpClass -->
        <test-method signature="runScenario(io.cucumber.testng.PickleWrapper,io.cucumber.testng.FeatureWrapper)[pri:0, instance:RunnerPackage.runner@5c5eefef]" started-at="2026-01-27T15:34:36 IST" name="runScenario" description="Runs Cucumber Scenarios" data-provider="scenarios" finished-at="2026-01-27T15:34:41 IST" duration-ms="4773" status="PASS">
          <params>
            <param index="0">
              <value>
                <![CDATA["Verify the Documentation"]]>
              </value>
            </param>
            <param index="1">
              <value>
                <![CDATA["Optional[cucumber.io documentation page testing]"]]>
              </value>
            </param>
          </params>
          <reporter-output>
          </reporter-output>
        </test-method> <!-- runScenario -->
        <test-method is-config="true" signature="tearDownClass()[pri:0, instance:RunnerPackage.runner@5c5eefef]" started-at="2026-01-27T15:34:41 IST" name="tearDownClass" finished-at="2026-01-27T15:34:41 IST" duration-ms="116" status="PASS">
          <reporter-output>
          </reporter-output>
        </test-method> <!-- tearDownClass -->
      </class> <!-- RunnerPackage.runner -->
    </test> <!-- Default test -->
  </suite> <!-- Default suite -->
</testng-results>
