<?xml version="1.0" encoding="UTF-8"?>
<testng-results ignored="0" total="2" passed="2" failed="0" skipped="0">
  <reporter-output>
  </reporter-output>
  <suite started-at="2026-01-20T15:57:47 IST" name="Default suite" finished-at="2026-01-20T15:57:53 IST" duration-ms="5797">
    <groups>
    </groups>
    <test started-at="2026-01-20T15:57:47 IST" name="Default test" finished-at="2026-01-20T15:57:53 IST" duration-ms="5797">
      <class name="CaseStudy.TestScripts.TestScript01">
        <test-method signature="f1()[pri:0, instance:CaseStudy.TestScripts.TestScript01@fade1fc]" started-at="2026-01-20T15:57:47 IST" name="f1" finished-at="2026-01-20T15:57:53 IST" duration-ms="5594" status="PASS">
          <reporter-output>
          </reporter-output>
        </test-method> <!-- f1 -->
        <test-method signature="f2()[pri:0, instance:CaseStudy.TestScripts.TestScript01@fade1fc]" started-at="2026-01-20T15:57:53 IST" name="f2" finished-at="2026-01-20T15:57:53 IST" duration-ms="168" status="PASS">
          <reporter-output>
          </reporter-output>
        </test-method> <!-- f2 -->
      </class> <!-- CaseStudy.TestScripts.TestScript01 -->
    </test> <!-- Default test -->
  </suite> <!-- Default suite -->
</testng-results>
