<?xml version="1.0" encoding="UTF-8"?>
<testng-results ignored="0" total="1" passed="1" failed="0" skipped="0">
  <reporter-output>
  </reporter-output>
  <suite started-at="2026-01-15T12:30:11 IST" name="Suite" finished-at="2026-01-15T12:30:11 IST" duration-ms="42">
    <groups>
      <group name="smoketest">
        <method signature="NewTest1.apple()[pri:0, instance:test1.NewTest1@6ae5aa72]" name="apple" class="test1.NewTest1"/>
      </group> <!-- smoketest -->
    </groups>
    <test started-at="2026-01-15T12:30:11 IST" name="Test" finished-at="2026-01-15T12:30:11 IST" duration-ms="42">
      <class name="test1.NewTest1">
        <test-method signature="apple()[pri:0, instance:test1.NewTest1@6ae5aa72]" started-at="2026-01-15T12:30:11 IST" name="apple" finished-at="2026-01-15T12:30:11 IST" duration-ms="7" status="PASS">
          <reporter-output>
          </reporter-output>
        </test-method> <!-- apple -->
      </class> <!-- test1.NewTest1 -->
    </test> <!-- Test -->
  </suite> <!-- Suite -->
</testng-results>
