<?xml version="1.0" encoding="UTF-8"?>
<!-- Generated by org.testng.reporters.JUnitReportReporter -->
<testsuite hostname="TMPPUN05GTR1609" failures="0" tests="3" name="com.AccessSelenium.Awesome_Test001" time="2.353" errors="0" timestamp="2026-01-16T17:01:44 IST" skipped="0">
  <testcase classname="com.AccessSelenium.Awesome_Test001" name="Maximize" time="0.049"/>
  <testcase classname="com.AccessSelenium.Awesome_Test001" name="InvokeApp" time="2.291"/>
  <testcase classname="com.AccessSelenium.Awesome_Test001" name="Fetch_and_Validate_Title" time="0.013"/>
</testsuite> <!-- com.AccessSelenium.Awesome_Test001 -->
