<?xml version="1.0" encoding="UTF-8"?>
<testng-results ignored="0" total="1" passed="1" failed="0" skipped="0">
  <reporter-output>
  </reporter-output>
  <suite started-at="2026-01-27T10:45:25 IST" name="Default suite" finished-at="2026-01-27T10:45:25 IST" duration-ms="435">
    <groups>
    </groups>
    <test started-at="2026-01-27T10:45:25 IST" name="Default test" finished-at="2026-01-27T10:45:25 IST" duration-ms="435">
      <class name="Cucumber_BDD.Runnerfile">
        <test-method is-config="true" signature="setUpClass()[pri:0, instance:Cucumber_BDD.Runnerfile@4c178a76]" started-at="2026-01-27T10:45:25 IST" name="setUpClass" finished-at="2026-01-27T10:45:25 IST" duration-ms="363" status="PASS">
          <reporter-output>
          </reporter-output>
        </test-method> <!-- setUpClass -->
        <test-method signature="f()[pri:0, instance:Cucumber_BDD.Runnerfile@4c178a76]" started-at="2026-01-27T10:45:25 IST" name="f" finished-at="2026-01-27T10:45:25 IST" duration-ms="4" status="PASS">
          <reporter-output>
          </reporter-output>
        </test-method> <!-- f -->
        <test-method is-config="true" signature="tearDownClass()[pri:0, instance:Cucumber_BDD.Runnerfile@4c178a76]" started-at="2026-01-27T10:45:25 IST" name="tearDownClass" finished-at="2026-01-27T10:45:25 IST" duration-ms="41" status="PASS">
          <reporter-output>
          </reporter-output>
        </test-method> <!-- tearDownClass -->
      </class> <!-- Cucumber_BDD.Runnerfile -->
    </test> <!-- Default test -->
  </suite> <!-- Default suite -->
</testng-results>
