<?xml version="1.0" encoding="UTF-8"?>
<testng-results ignored="0" total="2" passed="2" failed="0" skipped="0">
  <reporter-output>
  </reporter-output>
  <suite started-at="2026-01-15T11:54:27 IST" name="Default suite" finished-at="2026-01-15T11:54:27 IST" duration-ms="46">
    <groups>
    </groups>
    <test started-at="2026-01-15T11:54:27 IST" name="Default test" finished-at="2026-01-15T11:54:27 IST" duration-ms="46">
      <class name="com.ListMethod.test">
        <test-method signature="print()[pri:0, instance:com.ListMethod.test@399f45b1]" started-at="2026-01-15T11:54:27 IST" name="print" finished-at="2026-01-15T11:54:27 IST" duration-ms="8" status="PASS">
          <reporter-output>
          </reporter-output>
        </test-method> <!-- print -->
        <test-method signature="print1()[pri:0, instance:com.ListMethod.test@399f45b1]" started-at="2026-01-15T11:54:27 IST" name="print1" finished-at="2026-01-15T11:54:27 IST" duration-ms="1" status="PASS">
          <reporter-output>
          </reporter-output>
        </test-method> <!-- print1 -->
      </class> <!-- com.ListMethod.test -->
    </test> <!-- Default test -->
  </suite> <!-- Default suite -->
</testng-results>
