<?xml version="1.0" encoding="UTF-8"?>
<!-- Generated by org.testng.reporters.JUnitReportReporter -->
<testsuite hostname="TMPPUN05GTR1609" failures="0" tests="4" name="Runner.RunnerFile" time="0.143" errors="0" timestamp="2026-01-27T12:35:26 IST" skipped="0">
  <testcase classname="Runner.RunnerFile" name="runScenario" time="0.006"/>
  <testcase classname="Runner.RunnerFile" name="runScenario" time="0.125"/>
  <testcase classname="Runner.RunnerFile" name="runScenario" time="0.008"/>
  <testcase classname="Runner.RunnerFile" name="f" time="0.004"/>
</testsuite> <!-- Runner.RunnerFile -->
