<?xml version="1.0" encoding="UTF-8"?>
<!-- Generated by org.testng.reporters.JUnitReportReporter -->
<testsuite hostname="TMPPUN05GTR1610" failures="0" tests="2" name="Stepdefination.FeatureTest" time="0.109" errors="0" timestamp="2026-01-24T14:55:11 IST" skipped="0">
  <testcase classname="Stepdefination.FeatureTest" name="runScenario" time="0.108"/>
  <system-out/>
  <testcase classname="Stepdefination.FeatureTest" name="f" time="0.001"/>
  <system-out/>
</testsuite> <!-- Stepdefination.FeatureTest -->
